 
-------------------------------------------------------------------------------
02/05/2024 22:46:06:681 PM
 
MEMORY COMMITED - 26.6020240783691
 
 
-------------------------------------------------------------------------------
02/05/2024 22:46:14:531 PM
 
MEMORY COMMITED - 26.6083030700684
 
 
-------------------------------------------------------------------------------
02/05/2024 22:47:34:717 PM
 
MEMORY COMMITED - 35.885929107666
 
xKingLeonidasx,3458404568,772111940487308441
 
-------------------------------------------------------------------------------
02/05/2024 23:53:13:548 PM
 
MEMORY COMMITED - 35.3898658752441
 
xKingLeonidasx,3458404568,772111940487308441
 
-------------------------------------------------------------------------------
02/05/2024 23:54:51:392 PM
 
MEMORY COMMITED - 35.6877136230469
 
xKingLeonidasx,3458404568,772111940487308441
 
-------------------------------------------------------------------------------
02/05/2024 23:55:06:280 PM
 
MEMORY COMMITED - 35.2084693908691
 
xKingLeonidasx,3458404568,772111940487308441
 
-------------------------------------------------------------------------------
02/05/2024 23:55:43:017 PM
 
MEMORY COMMITED - 35.4510459899902
 
xKingLeonidasx,3458404568,772111940487308441
 
-------------------------------------------------------------------------------
02/05/2024 23:56:48:521 PM
 
MEMORY COMMITED - 36.9283256530762
 
xKingLeonidasx,3458404568,772111940487308441
 
-------------------------------------------------------------------------------
02/05/2024 23:58:15:043 PM
 
MEMORY COMMITED - 38.1282348632813
 
xKingLeonidasx,3458404568,772111940487308441
 
-------------------------------------------------------------------------------
02/06/2024 00:01:09:212 AM
 
MEMORY COMMITED - 40.9810943603516
 
xKingLeonidasx,3458404568,772111940487308441
 
-------------------------------------------------------------------------------
02/06/2024 01:15:28:889 AM
 
MEMORY COMMITED - 26.5936050415039
 
xKingLeonidasx,3458404568,772111940487308441
 
-------------------------------------------------------------------------------
02/06/2024 01:15:46:665 AM
 
MEMORY COMMITED - 26.6885948181152
 
xKingLeonidasx,3458404568,772111940487308441
 
-------------------------------------------------------------------------------
02/06/2024 01:16:32:327 AM
 
MEMORY COMMITED - 28.342716217041
 
xKingLeonidasx,3458404568,772111940487308441
 
-------------------------------------------------------------------------------
02/06/2024 01:17:01:587 AM
 
MEMORY COMMITED - 28.2585105895996
 
xKingLeonidasx,3458404568,772111940487308441
 
-------------------------------------------------------------------------------
02/06/2024 01:17:51:917 AM
 
MEMORY COMMITED - 29.6734161376953
 
xKingLeonidasx,3458404568,772111940487308441
 
-------------------------------------------------------------------------------
02/06/2024 01:19:15:010 AM
 
MEMORY COMMITED - 29.8409729003906
 
xKingLeonidasx,3458404568,772111940487308441
 
-------------------------------------------------------------------------------
02/06/2024 01:25:25:776 AM
 
MEMORY COMMITED - 26.4737777709961
 
xKingLeonidasx,3458404568,772111940487308441
 
-------------------------------------------------------------------------------
02/06/2024 01:58:19:127 AM
 
MEMORY COMMITED - 26.7464828491211
 
xKingLeonidasx,3458404568,772111940487308441
